{
  "id": 107834747,
  "name": "Block03App",
  "full_name": "tarajano/Block03App",
  "owner": {
    "login": "tarajano",
    "id": 11542477,
    "avatar_url": "https://avatars1.githubusercontent.com/u/11542477?v=4",
    "gravatar_id": "",
    "url": "https://api.github.com/users/tarajano",
    "html_url": "https://github.com/tarajano",
    "followers_url": "https://api.github.com/users/tarajano/followers",
    "following_url": "https://api.github.com/users/tarajano/following{/other_user}",
    "gists_url": "https://api.github.com/users/tarajano/gists{/gist_id}",
    "starred_url": "https://api.github.com/users/tarajano/starred{/owner}{/repo}",
    "subscriptions_url": "https://api.github.com/users/tarajano/subscriptions",
    "organizations_url": "https://api.github.com/users/tarajano/orgs",
    "repos_url": "https://api.github.com/users/tarajano/repos",
    "events_url": "https://api.github.com/users/tarajano/events{/privacy}",
    "received_events_url": "https://api.github.com/users/tarajano/received_events",
    "type": "User",
    "site_admin": false
  },
  "private": false,
  "html_url": "https://github.com/tarajano/Block03App",
  "description": null,
  "fork": false,
  "url": "https://api.github.com/repos/tarajano/Block03App",
  "forks_url": "https://api.github.com/repos/tarajano/Block03App/forks",
  "keys_url": "https://api.github.com/repos/tarajano/Block03App/keys{/key_id}",
  "collaborators_url": "https://api.github.com/repos/tarajano/Block03App/collaborators{/collaborator}",
  "teams_url": "https://api.github.com/repos/tarajano/Block03App/teams",
  "hooks_url": "https://api.github.com/repos/tarajano/Block03App/hooks",
  "issue_events_url": "https://api.github.com/repos/tarajano/Block03App/issues/events{/number}",
  "events_url": "https://api.github.com/repos/tarajano/Block03App/events",
  "assignees_url": "https://api.github.com/repos/tarajano/Block03App/assignees{/user}",
  "branches_url": "https://api.github.com/repos/tarajano/Block03App/branches{/branch}",
  "tags_url": "https://api.github.com/repos/tarajano/Block03App/tags",
  "blobs_url": "https://api.github.com/repos/tarajano/Block03App/git/blobs{/sha}",
  "git_tags_url": "https://api.github.com/repos/tarajano/Block03App/git/tags{/sha}",
  "git_refs_url": "https://api.github.com/repos/tarajano/Block03App/git/refs{/sha}",
  "trees_url": "https://api.github.com/repos/tarajano/Block03App/git/trees{/sha}",
  "statuses_url": "https://api.github.com/repos/tarajano/Block03App/statuses/{sha}",
  "languages_url": "https://api.github.com/repos/tarajano/Block03App/languages",
  "stargazers_url": "https://api.github.com/repos/tarajano/Block03App/stargazers",
  "contributors_url": "https://api.github.com/repos/tarajano/Block03App/contributors",
  "subscribers_url": "https://api.github.com/repos/tarajano/Block03App/subscribers",
  "subscription_url": "https://api.github.com/repos/tarajano/Block03App/subscription",
  "commits_url": "https://api.github.com/repos/tarajano/Block03App/commits{/sha}",
  "git_commits_url": "https://api.github.com/repos/tarajano/Block03App/git/commits{/sha}",
  "comments_url": "https://api.github.com/repos/tarajano/Block03App/comments{/number}",
  "issue_comment_url": "https://api.github.com/repos/tarajano/Block03App/issues/comments{/number}",
  "contents_url": "https://api.github.com/repos/tarajano/Block03App/contents/{+path}",
  "compare_url": "https://api.github.com/repos/tarajano/Block03App/compare/{base}...{head}",
  "merges_url": "https://api.github.com/repos/tarajano/Block03App/merges",
  "archive_url": "https://api.github.com/repos/tarajano/Block03App/{archive_format}{/ref}",
  "downloads_url": "https://api.github.com/repos/tarajano/Block03App/downloads",
  "issues_url": "https://api.github.com/repos/tarajano/Block03App/issues{/number}",
  "pulls_url": "https://api.github.com/repos/tarajano/Block03App/pulls{/number}",
  "milestones_url": "https://api.github.com/repos/tarajano/Block03App/milestones{/number}",
  "notifications_url": "https://api.github.com/repos/tarajano/Block03App/notifications{?since,all,participating}",
  "labels_url": "https://api.github.com/repos/tarajano/Block03App/labels{/name}",
  "releases_url": "https://api.github.com/repos/tarajano/Block03App/releases{/id}",
  "deployments_url": "https://api.github.com/repos/tarajano/Block03App/deployments",
  "created_at": "2017-10-22T03:36:29Z",
  "updated_at": "2017-10-22T03:36:29Z",
  "pushed_at": "2017-10-22T03:36:30Z",
  "git_url": "git://github.com/tarajano/Block03App.git",
  "ssh_url": "git@github.com:tarajano/Block03App.git",
  "clone_url": "https://github.com/tarajano/Block03App.git",
  "svn_url": "https://github.com/tarajano/Block03App",
  "homepage": null,
  "size": 0,
  "stargazers_count": 0,
  "watchers_count": 0,
  "language": null,
  "has_issues": true,
  "has_projects": true,
  "has_downloads": true,
  "has_wiki": true,
  "has_pages": false,
  "forks_count": 0,
  "mirror_url": null,
  "archived": false,
  "open_issues_count": 0,
  "forks": 0,
  "open_issues": 0,
  "watchers": 0,
  "default_branch": "master",
  "permissions": {
    "admin": true,
    "push": true,
    "pull": true
  },
  "allow_squash_merge": true,
  "allow_merge_commit": true,
  "allow_rebase_merge": true,
  "network_count": 0,
  "subscribers_count": 1
}
